This is pdfTeX, Version 3.1415926-1.40.10 (TeX Live 2009/Debian) (format=latex 2013.3.12)  4 JAN 2014 05:23
entering extended mode
 %&-line parsing enabled.
**cloudflow.tex
(./cloudflow.tex
LaTeX2e <2009/09/24>
Babel <v3.8l> and hyphenation patterns for english, usenglishmax, dumylang, noh
yphenation, farsi, arabic, croatian, bulgarian, ukrainian, russian, czech, slov
ak, danish, dutch, finnish, french, basque, ngerman, german, german-x-2009-06-1
9, ngerman-x-2009-06-19, ibycus, monogreek, greek, ancientgreek, hungarian, san
skrit, italian, latin, latvian, lithuanian, mongolian2a, mongolian, bokmal, nyn
orsk, romanian, irish, coptic, serbian, turkish, welsh, esperanto, uppersorbian
, estonian, indonesian, interlingua, icelandic, kurmanji, slovenian, polish, po
rtuguese, spanish, galician, catalan, swedish, ukenglish, pinyin, loaded.
(./IEEEtran.cls
Document Class: IEEEtran 2012/11/21 V1.8c by Harald Hanche-Olsen and Anders Chr
istensen
-- Based on V1.7a by Michael Shell
-- See the "IEEEtran_HOWTO" manual for usage information.
-- http://www.michaelshell.org/tex/ieeetran/
\@IEEEtrantmpdimenA=\dimen102
\@IEEEtrantmpdimenB=\dimen103
\@IEEEtrantmpcountA=\count79
\@IEEEtrantmpcountB=\count80
\@IEEEtrantmptoksA=\toks14
LaTeX Font Info:    Try loading font information for OT1+ptm on input line 373.

(/usr/share/texmf-texlive/tex/latex/psnfss/ot1ptm.fd
File: ot1ptm.fd 2001/06/04 font definitions for OT1/ptm.
)
-- Using 8.5in x 11in (letter) paper.
-- Using DVI output.
\@IEEEnormalsizeunitybaselineskip=\dimen104
-- This is a 10 point document.
\CLASSINFOnormalsizebaselineskip=\dimen105
\CLASSINFOnormalsizeunitybaselineskip=\dimen106
\IEEEnormaljot=\dimen107
LaTeX Font Info:    Font shape `OT1/ptm/bx/n' in size <5> not available
(Font)              Font shape `OT1/ptm/b/n' tried instead on input line 731.
LaTeX Font Info:    Font shape `OT1/ptm/bx/it' in size <5> not available
(Font)              Font shape `OT1/ptm/b/it' tried instead on input line 731.
LaTeX Font Info:    Font shape `OT1/ptm/bx/n' in size <7> not available
(Font)              Font shape `OT1/ptm/b/n' tried instead on input line 731.
LaTeX Font Info:    Font shape `OT1/ptm/bx/it' in size <7> not available
(Font)              Font shape `OT1/ptm/b/it' tried instead on input line 731.
LaTeX Font Info:    Font shape `OT1/ptm/bx/n' in size <8> not available
(Font)              Font shape `OT1/ptm/b/n' tried instead on input line 731.
LaTeX Font Info:    Font shape `OT1/ptm/bx/it' in size <8> not available
(Font)              Font shape `OT1/ptm/b/it' tried instead on input line 731.
LaTeX Font Info:    Font shape `OT1/ptm/bx/n' in size <9> not available
(Font)              Font shape `OT1/ptm/b/n' tried instead on input line 731.
LaTeX Font Info:    Font shape `OT1/ptm/bx/it' in size <9> not available
(Font)              Font shape `OT1/ptm/b/it' tried instead on input line 731.
LaTeX Font Info:    Font shape `OT1/ptm/bx/n' in size <10> not available
(Font)              Font shape `OT1/ptm/b/n' tried instead on input line 731.
LaTeX Font Info:    Font shape `OT1/ptm/bx/it' in size <10> not available
(Font)              Font shape `OT1/ptm/b/it' tried instead on input line 731.
LaTeX Font Info:    Font shape `OT1/ptm/bx/n' in size <11> not available
(Font)              Font shape `OT1/ptm/b/n' tried instead on input line 731.
LaTeX Font Info:    Font shape `OT1/ptm/bx/it' in size <11> not available
(Font)              Font shape `OT1/ptm/b/it' tried instead on input line 731.
LaTeX Font Info:    Font shape `OT1/ptm/bx/n' in size <12> not available
(Font)              Font shape `OT1/ptm/b/n' tried instead on input line 731.
LaTeX Font Info:    Font shape `OT1/ptm/bx/it' in size <12> not available
(Font)              Font shape `OT1/ptm/b/it' tried instead on input line 731.
LaTeX Font Info:    Font shape `OT1/ptm/bx/n' in size <17> not available
(Font)              Font shape `OT1/ptm/b/n' tried instead on input line 731.
LaTeX Font Info:    Font shape `OT1/ptm/bx/it' in size <17> not available
(Font)              Font shape `OT1/ptm/b/it' tried instead on input line 731.
LaTeX Font Info:    Font shape `OT1/ptm/bx/n' in size <20> not available
(Font)              Font shape `OT1/ptm/b/n' tried instead on input line 731.
LaTeX Font Info:    Font shape `OT1/ptm/bx/it' in size <20> not available
(Font)              Font shape `OT1/ptm/b/it' tried instead on input line 731.
LaTeX Font Info:    Font shape `OT1/ptm/bx/n' in size <24> not available
(Font)              Font shape `OT1/ptm/b/n' tried instead on input line 731.
LaTeX Font Info:    Font shape `OT1/ptm/bx/it' in size <24> not available
(Font)              Font shape `OT1/ptm/b/it' tried instead on input line 731.
\IEEEilabelindentA=\dimen108
\IEEEilabelindentB=\dimen109
\IEEEilabelindent=\dimen110
\IEEEelabelindent=\dimen111
\IEEEdlabelindent=\dimen112
\IEEElabelindent=\dimen113
\IEEEiednormlabelsep=\dimen114
\IEEEiedmathlabelsep=\dimen115
\IEEEiedtopsep=\skip41
\c@section=\count81
\c@subsection=\count82
\c@subsubsection=\count83
\c@paragraph=\count84
\c@IEEEsubequation=\count85
\abovecaptionskip=\skip42
\belowcaptionskip=\skip43
\c@figure=\count86
\c@table=\count87
\@IEEEeqnnumcols=\count88
\@IEEEeqncolcnt=\count89
\@IEEEtmpitemindent=\dimen116
\c@IEEEbiography=\count90
\@IEEEtranrubishbin=\box26
) (/usr/share/texmf-texlive/tex/latex/graphics/graphicx.sty
Package: graphicx 1999/02/16 v1.0f Enhanced LaTeX Graphics (DPC,SPQR)

(/usr/share/texmf-texlive/tex/latex/graphics/keyval.sty
Package: keyval 1999/03/16 v1.13 key=value parser (DPC)
\KV@toks@=\toks15
)
(/usr/share/texmf-texlive/tex/latex/graphics/graphics.sty
Package: graphics 2009/02/05 v1.0o Standard LaTeX Graphics (DPC,SPQR)

(/usr/share/texmf-texlive/tex/latex/graphics/trig.sty
Package: trig 1999/03/16 v1.09 sin cos tan (DPC)
)
(/etc/texmf/tex/latex/config/graphics.cfg
File: graphics.cfg 2009/08/28 v1.8 graphics configuration of TeX Live
)
Package graphics Info: Driver file: dvips.def on input line 91.

(/usr/share/texmf-texlive/tex/latex/graphics/dvips.def
File: dvips.def 1999/02/16 v3.0i Driver-dependant file (DPC,SPQR)
))
\Gin@req@height=\dimen117
\Gin@req@width=\dimen118
)
(/usr/share/texmf-texlive/tex/latex/subfigure/subfigure.sty
Package: subfigure 2002/03/15 v2.1.5 subfigure package
\subfigtopskip=\skip44
\subfigcapskip=\skip45
\subfigcaptopadj=\dimen119
\subfigbottomskip=\skip46
\subfigcapmargin=\dimen120
\subfiglabelskip=\skip47
\c@subfigure=\count91
\c@lofdepth=\count92
\c@subtable=\count93
\c@lotdepth=\count94

****************************************
* Local config file subfigure.cfg used *
****************************************
(/usr/share/texmf-texlive/tex/latex/subfigure/subfigure.cfg)
\subfig@top=\skip48
\subfig@bottom=\skip49
)
(/usr/share/texmf-texlive/tex/latex/graphics/color.sty
Package: color 2005/11/14 v1.0j Standard LaTeX Color (DPC)

(/etc/texmf/tex/latex/config/color.cfg
File: color.cfg 2007/01/18 v1.5 color configuration of teTeX/TeXLive
)
Package color Info: Driver file: dvips.def on input line 130.

(/usr/share/texmf-texlive/tex/latex/graphics/dvipsnam.def
File: dvipsnam.def 1999/02/16 v3.0i Driver-dependant file (DPC,SPQR)
))
(/usr/share/texmf-texlive/tex/latex/ltxmisc/url.sty
\Urlmuskip=\muskip10
Package: url 2006/04/12  ver 3.3  Verb mode for urls, etc.
) (./citesort.sty
\@minsofar=\count95
\@min=\count96
\@cite@temp=\count97
)
(/usr/share/texmf-texlive/tex/latex/mdwtools/syntax.sty
Package: syntax 1996/05/17 1.07 Syntax typesetting (MDW)
\grammarparsep=\skip50
\grammarindent=\dimen121
\sdstartspace=\skip51
\sdendspace=\skip52
\sdmidskip=\skip53
\sdtokskip=\skip54
\sdfinalskip=\skip55
\sdrulewidth=\dimen122
\sdcirclediam=\dimen123
\sdindent=\dimen124
)
(/usr/share/texmf-texlive/tex/latex/wrapfig/wrapfig.sty
\wrapoverhang=\dimen125
\WF@size=\dimen126
\c@WF@wrappedlines=\count98
\WF@box=\box27
\WF@everypar=\toks16
Package: wrapfig 2003/01/31  v 3.6
)
(/usr/share/texmf-texlive/tex/latex/fancyvrb/fancyvrb.sty
Package: fancyvrb 2008/02/07

Style option: `fancyvrb' v2.7a, with DG/SPQR fixes, and firstline=lastline fix 
<2008/02/07> (tvz)
\FV@CodeLineNo=\count99
\FV@InFile=\read1
\FV@TabBox=\box28
\c@FancyVerbLine=\count100
\FV@StepNumber=\count101
\FV@OutFile=\write3
) (./cloudflow.aux)
\openout1 = `cloudflow.aux'.

LaTeX Font Info:    Checking defaults for OML/cmm/m/it on input line 43.
LaTeX Font Info:    ... okay on input line 43.
LaTeX Font Info:    Checking defaults for T1/cmr/m/n on input line 43.
LaTeX Font Info:    ... okay on input line 43.
LaTeX Font Info:    Checking defaults for OT1/cmr/m/n on input line 43.
LaTeX Font Info:    ... okay on input line 43.
LaTeX Font Info:    Checking defaults for OMS/cmsy/m/n on input line 43.
LaTeX Font Info:    ... okay on input line 43.
LaTeX Font Info:    Checking defaults for OMX/cmex/m/n on input line 43.
LaTeX Font Info:    ... okay on input line 43.
LaTeX Font Info:    Checking defaults for U/cmr/m/n on input line 43.
LaTeX Font Info:    ... okay on input line 43.
LaTeX Font Info:    Try loading font information for OMS+ptm on input line 63.

(/usr/share/texmf-texlive/tex/latex/psnfss/omsptm.fd
File: omsptm.fd 
)
LaTeX Font Info:    Font shape `OMS/ptm/m/n' in size <11> not available
(Font)              Font shape `OMS/cmsy/m/n' tried instead on input line 63.
 (./introduction.tex
[1


]) (./model.tex
File: figures/cloudflow2.eps Graphic file (type eps)
 <figures/cloudflow2.eps>
File: figures/memh2.eps Graphic file (type eps)
 <figures/memh2.eps>
Overfull \hbox (20.96048pt too wide) in paragraph at lines 97--100
[][]
 []


Underfull \hbox (badness 3108) in paragraph at lines 108--127
\OT1/ptm/m/n/10 clouds usu-ally mul-ti-plex mul-ti-ple
 []


Underfull \hbox (badness 1389) in paragraph at lines 141--147
\OT1/ptm/m/n/10 types of in-tro-spec-tion mech-a-nisms ex-ist: those re-quir-in
g
 []

[2] [3]
File: figures/introspectionmodule2.eps Graphic file (type eps)
 <figures/introspectionmodule2.eps>) (./architecture.tex
LaTeX Font Info:    External font `cmex10' loaded for size
(Font)              <7> on input line 55.
LaTeX Font Info:    External font `cmex10' loaded for size
(Font)              <5> on input line 55.
LaTeX Font Info:    External font `cmex10' loaded for size
(Font)              <8> on input line 57.
LaTeX Font Info:    External font `cmex10' loaded for size
(Font)              <6> on input line 57.
 [4]
LaTeX Font Info:    Try loading font information for OT1+pcr on input line 77.

(/usr/share/texmf-texlive/tex/latex/psnfss/ot1pcr.fd
File: ot1pcr.fd 2001/06/04 font definitions for OT1/pcr.
)
LaTeX Font Info:    Try loading font information for OML+ptm on input line 102.


(/usr/share/texmf-texlive/tex/latex/psnfss/omlptm.fd
File: omlptm.fd 
)
LaTeX Font Info:    Font shape `OML/ptm/m/n' in size <10> not available
(Font)              Font shape `OML/cmm/m/it' tried instead on input line 102.
File: figures/moduledesign2.eps Graphic file (type eps)

<figures/moduledesign2.eps>

LaTeX Warning: `h' float specifier changed to `ht'.

File: figures/illustrativepicture.eps Graphic file (type eps)
<figures/illustrativepicture.eps> [5] [6]) (./discussion.tex
File: figures/introspectionwindow.eps Graphic file (type eps)

<figures/introspectionwindow.eps>
File: figures/guestslowdown.eps Graphic file (type eps)
 <figures/guestslowdown.eps>)
(./evaluation.tex [7]) (./conclusion.tex) (./cloudflow.bbl
Underfull \hbox (badness 6775) in paragraph at lines 4--6
[]\OT1/ptm/m/n/8 Bell-LaPadula model.  On-line at $thttp : / / en . wikipedia .
 org / wiki /
 []

[8]
Underfull \hbox (badness 4673) in paragraph at lines 38--41
[]\OT1/ptm/m/n/8 The E-Government Act 04 2002. U.S. Pub-lic Law 107-347.
 []


Underfull \hbox (badness 10000) in paragraph at lines 38--41
\OT1/ptm/m/n/8 On-line at $http : / / www . gpo . gov / fdsys / pkg / PLAW-[]10
7publ347 / pdf /
 []

Missing character: There is no Ì in font ptmr7t!
Missing character: There is no € in font ptmr7t!
[9]) [10

] (./cloudflow.aux) ) 
Here is how much of TeX's memory you used:
 2398 strings out of 493849
 36531 string characters out of 1152846
 96060 words of memory out of 3000000
 5657 multiletter control sequences out of 15000+50000
 28159 words of font info for 64 fonts, out of 3000000 for 9000
 714 hyphenation exceptions out of 8191
 27i,8n,30p,1378b,288s stack positions out of 5000i,500n,10000p,200000b,50000s

Output written on cloudflow.dvi (10 pages, 69288 bytes).
